f:\trinity\semester2\realtimerendering\assignment1\assignment1\assignment1\x64\debug\vc141.pdb
f:\trinity\semester2\realtimerendering\assignment1\assignment1\assignment1\x64\debug\vc141.idb
f:\trinity\semester2\realtimerendering\assignment1\assignment1\assignment1\x64\debug\shader.obj
f:\trinity\semester2\realtimerendering\assignment1\assignment1\assignment1\x64\debug\model.obj
f:\trinity\semester2\realtimerendering\assignment1\assignment1\assignment1\x64\debug\mesh.obj
f:\trinity\semester2\realtimerendering\assignment1\assignment1\assignment1\x64\debug\material.obj
f:\trinity\semester2\realtimerendering\assignment1\assignment1\assignment1\x64\debug\lightdirectional.obj
f:\trinity\semester2\realtimerendering\assignment1\assignment1\assignment1\x64\debug\main.obj
f:\trinity\semester2\realtimerendering\assignment1\assignment1\assignment1\x64\debug\camera.obj
f:\trinity\semester2\realtimerendering\assignment1\assignment1\x64\debug\assignment1.pdb
f:\trinity\semester2\realtimerendering\assignment1\assignment1\assignment1\x64\debug\assignment1.tlog\cl.command.1.tlog
f:\trinity\semester2\realtimerendering\assignment1\assignment1\assignment1\x64\debug\assignment1.tlog\cl.read.1.tlog
f:\trinity\semester2\realtimerendering\assignment1\assignment1\assignment1\x64\debug\assignment1.tlog\cl.write.1.tlog
f:\trinity\semester2\realtimerendering\assignment1\assignment1\assignment1\x64\debug\assignment1.tlog\link-cvtres.read.1.tlog
f:\trinity\semester2\realtimerendering\assignment1\assignment1\assignment1\x64\debug\assignment1.tlog\link-cvtres.write.1.tlog
f:\trinity\semester2\realtimerendering\assignment1\assignment1\assignment1\x64\debug\assignment1.tlog\link-rc.read.1.tlog
f:\trinity\semester2\realtimerendering\assignment1\assignment1\assignment1\x64\debug\assignment1.tlog\link-rc.write.1.tlog
f:\trinity\semester2\realtimerendering\assignment1\assignment1\assignment1\x64\debug\assignment1.tlog\link.command.1.tlog
f:\trinity\semester2\realtimerendering\assignment1\assignment1\assignment1\x64\debug\assignment1.tlog\link.read.1.tlog
f:\trinity\semester2\realtimerendering\assignment1\assignment1\assignment1\x64\debug\assignment1.tlog\link.write.1.tlog
