  Camera.cpp
f:\trinity\semester2\realtimerendering\assignment1\assignment1\assignment1\camera.h(21): warning C4305: 'initializing': truncation from 'double' to 'float'
f:\trinity\semester2\realtimerendering\assignment1\assignment1\assignment1\camera.h(22): warning C4305: 'initializing': truncation from 'double' to 'float'
f:\trinity\semester2\realtimerendering\assignment1\assignment1\assignment1\camera.h(23): warning C4305: 'initializing': truncation from 'double' to 'float'
f:\trinity\semester2\realtimerendering\assignment1\assignment1\assignment1\camera.h(24): warning C4305: 'initializing': truncation from 'double' to 'float'
f:\trinity\semester2\realtimerendering\assignment1\assignment1\assignment1\camera.h(25): warning C4305: 'initializing': truncation from 'double' to 'float'
f:\trinity\semester2\realtimerendering\assignment1\assignment1\assignment1\camera.cpp(66): warning C4244: '=': conversion from 'double' to 'T', possible loss of data
          with
          [
              T=float
          ]
  LightDirectional.cpp
  main.cpp
f:\trinity\semester2\realtimerendering\assignment1\assignment1\assignment1\camera.h(21): warning C4305: 'initializing': truncation from 'double' to 'float'
f:\trinity\semester2\realtimerendering\assignment1\assignment1\assignment1\camera.h(22): warning C4305: 'initializing': truncation from 'double' to 'float'
f:\trinity\semester2\realtimerendering\assignment1\assignment1\assignment1\camera.h(23): warning C4305: 'initializing': truncation from 'double' to 'float'
f:\trinity\semester2\realtimerendering\assignment1\assignment1\assignment1\camera.h(24): warning C4305: 'initializing': truncation from 'double' to 'float'
f:\trinity\semester2\realtimerendering\assignment1\assignment1\assignment1\camera.h(25): warning C4305: 'initializing': truncation from 'double' to 'float'
  Material.cpp
  Mesh.cpp
f:\trinity\semester2\realtimerendering\assignment1\assignment1\assignment1\mesh.cpp(40): warning C4267: 'argument': conversion from 'size_t' to 'GLsizei', possible loss of data
  Model.cpp
  Shader.cpp
  Generating Code...
main.obj : error LNK2019: unresolved external symbol glewInit referenced in function main
main.obj : error LNK2019: unresolved external symbol glfwInit referenced in function main
main.obj : error LNK2019: unresolved external symbol glfwTerminate referenced in function main
main.obj : error LNK2019: unresolved external symbol glfwWindowHint referenced in function main
main.obj : error LNK2019: unresolved external symbol glfwCreateWindow referenced in function main
main.obj : error LNK2019: unresolved external symbol glfwSetInputMode referenced in function main
main.obj : error LNK2019: unresolved external symbol glfwMakeContextCurrent referenced in function main
main.obj : error LNK2001: unresolved external symbol __glewBindBuffer
main.obj : error LNK2001: unresolved external symbol __glewBufferData
main.obj : error LNK2001: unresolved external symbol __glewGenBuffers
main.obj : error LNK2001: unresolved external symbol __glewEnableVertexAttribArray
main.obj : error LNK2001: unresolved external symbol __glewVertexAttribPointer
main.obj : error LNK2001: unresolved external symbol __glewBindVertexArray
main.obj : error LNK2001: unresolved external symbol __glewGenVertexArrays
main.obj : error LNK2001: unresolved external symbol glewExperimental
Mesh.obj : error LNK2001: unresolved external symbol __imp___glewActiveTexture
Mesh.obj : error LNK2001: unresolved external symbol __imp___glewBindBuffer
Mesh.obj : error LNK2001: unresolved external symbol __imp___glewBufferData
Mesh.obj : error LNK2001: unresolved external symbol __imp___glewGenBuffers
Mesh.obj : error LNK2001: unresolved external symbol __imp___glewEnableVertexAttribArray
Mesh.obj : error LNK2001: unresolved external symbol __imp___glewVertexAttribPointer
Mesh.obj : error LNK2001: unresolved external symbol __imp___glewBindVertexArray
Mesh.obj : error LNK2001: unresolved external symbol __imp___glewGenVertexArrays
Model.obj : error LNK2019: unresolved external symbol "public: __cdecl Assimp::Importer::Importer(void)" (??0Importer@Assimp@@QEAA@XZ) referenced in function "private: void __cdecl Model::loadModel(class std::basic_string<char,struct std::char_traits<char>,class std::allocator<char> >)" (?loadModel@Model@@AEAAXV?$basic_string@DU?$char_traits@D@std@@V?$allocator@D@2@@std@@@Z)
Model.obj : error LNK2019: unresolved external symbol "public: __cdecl Assimp::Importer::~Importer(void)" (??1Importer@Assimp@@QEAA@XZ) referenced in function "private: void __cdecl Model::loadModel(class std::basic_string<char,struct std::char_traits<char>,class std::allocator<char> >)" (?loadModel@Model@@AEAAXV?$basic_string@DU?$char_traits@D@std@@V?$allocator@D@2@@std@@@Z)
Model.obj : error LNK2019: unresolved external symbol "public: struct aiScene const * __cdecl Assimp::Importer::ReadFile(char const *,unsigned int)" (?ReadFile@Importer@Assimp@@QEAAPEBUaiScene@@PEBDI@Z) referenced in function "public: struct aiScene const * __cdecl Assimp::Importer::ReadFile(class std::basic_string<char,struct std::char_traits<char>,class std::allocator<char> > const &,unsigned int)" (?ReadFile@Importer@Assimp@@QEAAPEBUaiScene@@AEBV?$basic_string@DU?$char_traits@D@std@@V?$allocator@D@2@@std@@I@Z)
Model.obj : error LNK2019: unresolved external symbol aiGetMaterialTextureCount referenced in function "public: unsigned int __cdecl aiMaterial::GetTextureCount(enum aiTextureType)const " (?GetTextureCount@aiMaterial@@QEBAIW4aiTextureType@@@Z)
Model.obj : error LNK2019: unresolved external symbol aiGetMaterialTexture referenced in function "public: enum aiReturn __cdecl aiMaterial::GetTexture(enum aiTextureType,unsigned int,struct aiString *,enum aiTextureMapping *,unsigned int *,float *,enum aiTextureOp *,enum aiTextureMapMode *)const " (?GetTexture@aiMaterial@@QEBA?AW4aiReturn@@W4aiTextureType@@IPEAUaiString@@PEAW4aiTextureMapping@@PEAIPEAMPEAW4aiTextureOp@@PEAW4aiTextureMapMode@@@Z)
Model.obj : error LNK2001: unresolved external symbol __imp___glewGenerateMipmap
Shader.obj : error LNK2001: unresolved external symbol __imp___glewAttachShader
Shader.obj : error LNK2001: unresolved external symbol __imp___glewCompileShader
Shader.obj : error LNK2001: unresolved external symbol __imp___glewCreateProgram
Shader.obj : error LNK2001: unresolved external symbol __imp___glewCreateShader
Shader.obj : error LNK2001: unresolved external symbol __imp___glewDeleteShader
Shader.obj : error LNK2001: unresolved external symbol __imp___glewGetProgramInfoLog
Shader.obj : error LNK2001: unresolved external symbol __imp___glewGetProgramiv
Shader.obj : error LNK2001: unresolved external symbol __imp___glewGetShaderInfoLog
Shader.obj : error LNK2001: unresolved external symbol __imp___glewGetShaderiv
Shader.obj : error LNK2001: unresolved external symbol __imp___glewGetUniformLocation
Shader.obj : error LNK2001: unresolved external symbol __imp___glewLinkProgram
Shader.obj : error LNK2001: unresolved external symbol __imp___glewShaderSource
Shader.obj : error LNK2001: unresolved external symbol __imp___glewUniform1f
Shader.obj : error LNK2001: unresolved external symbol __imp___glewUniform1i
Shader.obj : error LNK2001: unresolved external symbol __imp___glewUniform3f
Shader.obj : error LNK2001: unresolved external symbol __imp___glewUniformMatrix4fv
Shader.obj : error LNK2001: unresolved external symbol __imp___glewUseProgram
F:\OpenGL\GLFW\glfw-3.3.2.bin.WIN32\glfw-3.3.2.bin.WIN32\lib-vc2017\glfw3.lib : warning LNK4272: library machine type 'x86' conflicts with target machine type 'x64'
F:\OpenGL\GLEW\glew-2.1.0-win32\glew-2.1.0\lib\Release\Win32\glew32s.lib : warning LNK4272: library machine type 'x86' conflicts with target machine type 'x64'
F:\OpenGL\Assimp5.0.0\cmake_built\libdll\assimp-vc141-mtd.lib : warning LNK4272: library machine type 'x86' conflicts with target machine type 'x64'
F:\Trinity\Semester2\RealtimeRendering\Assignment1\Assignment1\x64\Debug\Assignment1.exe : fatal error LNK1120: 46 unresolved externals
